hp-check[17073]: info: :
hp-check[17073]: info: :HP Linux Imaging and Printing System (ver. 3.16.3)
hp-check[17073]: info: :Dependency/Version Check Utility ver. 15.1
hp-check[17073]: info: :
hp-check[17073]: info: :Copyright (c) 2001-15 HP Development Company, LP
hp-check[17073]: info: :This software comes with ABSOLUTELY NO WARRANTY.
hp-check[17073]: info: :This is free software, and you are welcome to distribute it
hp-check[17073]: info: :under certain conditions. See COPYING file for more details.
hp-check[17073]: info: :
hp-check[17073]: info: :Note: hp-check can be run in three modes:
hp-check[17073]: info: :1. Compile-time check mode (-c or --compile): Use this mode before compiling the HPLIP supplied tarball (.tar.gz or .run) to determine if the proper dependencies are installed to  
hp-check[17073]: info: :successfully compile HPLIP.                                                                                                                                                         
hp-check[17073]: info: :2. Run-time check mode (-r or --run): Use this mode to determine if a distro supplied package (.deb, .rpm, etc) or an already built HPLIP supplied tarball has the proper           
hp-check[17073]: info: :dependencies installed to successfully run.                                                                                                                                         
hp-check[17073]: info: :3. Both compile- and run-time check mode (-b or --both) (Default): This mode will check both of the above cases (both compile- and run-time dependencies).                          
hp-check[17073]: info: :
hp-check[17073]: info: :Check types:                                                                                                                                                                        
hp-check[17073]: info: :a. EXTERNALDEP - External Dependencies                                                                                                                                              
hp-check[17073]: info: :b. GENERALDEP - General Dependencies (required both at compile and run time)                                                                                                        
hp-check[17073]: info: :c. COMPILEDEP - Compile time Dependencies                                                                                                                                           
hp-check[17073]: info: :d. [All are run-time checks]                                                                                                                                                        
hp-check[17073]: info: :PYEXT SCANCONF QUEUES PERMISSION                                                                                                                                                    
hp-check[17073]: info: :
hp-check[17073]: info: :Status Types:
hp-check[17073]: info: :    OK
hp-check[17073]: info: :    MISSING       - Missing Dependency or Permission or Plug-in
hp-check[17073]: info: :    INCOMPAT      - Incompatible dependency-version or Plugin-version
hp-check[17073]: info: :
hp-check[17073]: info: :
hp-check[17073]: info: :---------------
hp-check[17073]: info: :| SYSTEM INFO |
hp-check[17073]: info: :---------------
hp-check[17073]: info: :
hp-check[17073]: info: : Kernel: 4.4.0-59-generic #80-Ubuntu SMP Fri Jan 6 17:47:47 UTC 2017 GNU/Linux
 Host: gungadin-LIFEBOOK-T901
 Proc: 4.4.0-59-generic #80-Ubuntu SMP Fri Jan 6 17:47:47 UTC 2017 GNU/Linux
 Distribution: ubuntu 16.04
hp-check[17073]: info: : Bitness: 64 bit

hp-check[17073]: info: :
hp-check[17073]: info: :-----------------------
hp-check[17073]: info: :| HPLIP CONFIGURATION |
hp-check[17073]: info: :-----------------------
hp-check[17073]: info: :
hp-check[17073]: info: :HPLIP-Version: HPLIP 3.16.3
hp-check[17073]: info: :HPLIP-Home: /usr/share/hplip
hp-check[17073]: info: :HPLIP-Installation: Auto installation is supported for ubuntu distro  16.04 version 
hp-check[17073]: info: :
hp-check[17073]: info: :Current contents of '/etc/hp/hplip.conf' file:
hp-check[17073]: info: :# hplip.conf.  Generated from hplip.conf.in by configure.

[hplip]
version=3.16.3

[dirs]
home=/usr/share/hplip
run=/var/run
ppd=/usr/share/ppd/hplip/HP
ppdbase=/usr/share/ppd/hplip
doc=/usr/share/doc/hplip
html=/usr/share/doc/hplip-doc
icon=no
cupsbackend=/usr/lib/cups/backend
cupsfilter=/usr/lib/cups/filter
drv=/usr/share/cups/drv
bin=/usr/bin
apparmor=/etc/apparmor.d
# Following values are determined at configure time and cannot be changed.
[configure]
network-build=yes
libusb01-build=no
pp-build=yes
gui-build=yes
scanner-build=yes
fax-build=yes
dbus-build=yes
cups11-build=no
doc-build=yes
shadow-build=no
hpijs-install=yes
foomatic-drv-install=yes
foomatic-ppd-install=yes
foomatic-rip-hplip-install=no
hpcups-install=yes
cups-drv-install=yes
cups-ppd-install=no
internal-tag=3.16.3
restricted-build=no
ui-toolkit=qt4
qt3=no
qt4=yes
policy-kit=yes
lite-build=no
udev_sysfs_rules=no
hpcups-only-build=no
hpijs-only-build=no
apparmor_build=no

hp-check[17073]: info: :
hp-check[17073]: info: :Current contents of '/var/lib/hp/hplip.state' file:
hp-check[17073]: info: :[plugin]
installed = 1
eula = 1
version = 3.16.3


hp-check[17073]: info: :
hp-check[17073]: info: :Current contents of '~/.hplip/hplip.conf' file:
hp-check[17073]: info: :[last_used]
device_uri = hp:/net/HP_Color_LaserJet_CP4020_Series?ip=172.27.29.37

[installation]
date_time = 03/22/17 14:02:18
version = 3.16.3


hp-check[17073]: info: : <Package-name>        <Package-Desc>      <Required/Optional> <Min-Version> <Installed-Version> <Status>   <Comment>
hp-check[17073]: info: :
hp-check[17073]: info: :--------------------------
hp-check[17073]: info: :|  External Dependencies |
hp-check[17073]: info: :--------------------------
hp-check[17073]: info: :
hp-check[17073]: info: : gs                   GhostScript - PostScript and PDF language interpreter and previewer REQUIRED        7.05            9.18            OK         -
hp-check[17073]: info: : dbus                 DBus - Message bus system                                    REQUIRED        -               1.10.6          OK         -
hp-check[17073]: info: : policykit            PolicyKit - Administrative policy framework                  OPTIONAL        -               0.105           OK         -
hp-check[17073]: info: : scanimage            scanimage - Shell scanning program                           OPTIONAL        1.0             1.0.25          OK         -
hp-check[17073]: info: : network              network -wget                                                OPTIONAL        -               1.17.1          OK         -
hp-check[17073]: info: : xsane                xsane - Graphical scanner frontend for SANE                  OPTIONAL        0.9             0.999           OK         -
hp-check[17073]: info: : cups                 CUPS - Common Unix Printing System                           REQUIRED        1.1             2.1.3           OK         'CUPS Scheduler is running'
hp-check[17073]: info: : avahi-utils          avahi-utils                                                  OPTIONAL        -               0.6.32          OK         -
hp-check[17073]: info: :
hp-check[17073]: info: :-------------------------
hp-check[17073]: info: :|  General Dependencies |
hp-check[17073]: info: :-------------------------
hp-check[17073]: info: :
hp-check[17073]: info: : libcrypto            libcrypto - OpenSSL cryptographic library                    REQUIRED        -               1.0.2           OK         -
hp-check[17073]: info: : cups-image           CUPS image - CUPS image development files                    REQUIRED        -               2.1.3           OK         -
hp-check[17073]: info: : libpthread           libpthread - POSIX threads library                           REQUIRED        -               b'2.23'         OK         -
hp-check[17073]: info: : python3-reportlab    Reportlab - PDF library for Python                           OPTIONAL        2.0             3.3.0           OK         -
hp-check[17073]: info: : libjpeg              libjpeg - JPEG library                                       REQUIRED        -               -               OK         -
hp-check[17073]: info: : python3-xml          Python XML libraries                                         REQUIRED        -               2.1.0           OK         -
hp-check[17073]: info: : sane                 SANE - Scanning library                                      REQUIRED        -               1.0.25          OK         -
hp-check[17073]: info: : sane-devel           SANE - Scanning library development files                    REQUIRED        -               1.0.25          OK         -
hp-check[17073]: info: : python3-dbus         Python DBus - Python bindings for DBus                       REQUIRED        0.80.0          1.2.0           OK         -
hp-check[17073]: info: : python3-pil          PIL - Python Imaging Library (required for commandline scanning with hp-scan) OPTIONAL        -               1.1.7           OK         -
hp-check[17073]: info: : cups-devel           CUPS devel- Common Unix Printing System development files    REQUIRED        -               2.1.3           OK         -
hp-check[17073]: info: : libusb               libusb - USB library                                         REQUIRED        -               1.0             OK         -
hp-check[17073]: info: : python3-devel        Python devel - Python development files                      REQUIRED        2.2             3.5.2           OK         -
hp-check[17073]: info: : python3-pyqt4-dbus   PyQt 4 DBus - DBus Support for PyQt4                         OPTIONAL        4.0             4.11.4          OK         -
hp-check[17073]: info: : python3-notify2      Python libnotify - Python bindings for the libnotify Desktop notifications OPTIONAL        -               -               OK         -
hp-check[17073]: info: : python3-pyqt4        PyQt 4- Qt interface for Python (for Qt version 4.x)         REQUIRED        4.0             4.11.4          OK         -
hp-check[17073]: info: : python3X             Python 2.2 or greater - Python programming language          REQUIRED        2.2             3.5.2           OK         -
hp-check[17073]: info: : libnetsnmp-devel     libnetsnmp-devel - SNMP networking library development files REQUIRED        5.0.9           5.7.3           OK         -
hp-check[17073]: info: :
hp-check[17073]: info: :---------------
hp-check[17073]: info: :|  COMPILEDEP |
hp-check[17073]: info: :---------------
hp-check[17073]: info: :
hp-check[17073]: info: : gcc                  gcc - GNU Project C and C++ Compiler                         REQUIRED        -               5.4.0           OK         -
hp-check[17073]: info: : libtool              libtool - Library building support services                  REQUIRED        -               2.4.6           OK         -
hp-check[17073]: info: : make                 make - GNU make utility to maintain groups of programs       REQUIRED        3.0             4.1             OK         -
hp-check[17073]: info: :
hp-check[17073]: info: :----------------------
hp-check[17073]: info: :|  Python Extentions |
hp-check[17073]: info: :----------------------
hp-check[17073]: info: :
hp-check[17073]: info: : hpmudext             IO-Extension                                                 REQUIRED        -               3.16.3          OK         -
hp-check[17073]: info: : cupsext              CUPS-Extension                                               REQUIRED        -               3.16.3          OK         -
hp-check[17073]: info: :
hp-check[17073]: info: :-----------------------
hp-check[17073]: info: :|  Scan Configuration |
hp-check[17073]: info: :-----------------------
hp-check[17073]: info: :
hp-check[17073]: info: : scanext              Scan-SANE-Extension                                          REQUIRED        -               3.16.3          OK         -
hp-check[17073]: info: :'/etc/sane.d/dll.d/hpaio' not found.
hp-check[17073]: info: : hpaio                HPLIP-SANE-Backend                                           REQUIRED        -               3.16.3          OK         'hpaio found in /etc/sane.d/dll.conf'
hp-check[17073]: info: :
hp-check[17073]: info: :-----------------------
hp-check[17073]: info: :|  Other Dependencies |
hp-check[17073]: info: :-----------------------
hp-check[17073]: info: :
hp-check[17073]: info: :
hp-check[17073]: info: :------------------------------
hp-check[17073]: info: :| DISCOVERED SCANNER DEVICES |
hp-check[17073]: info: :------------------------------
hp-check[17073]: info: :
hp-check[17073]: info: :No Scanner found.
hp-check[17073]: info: :
hp-check[17073]: info: :--------------------------
hp-check[17073]: info: :| DISCOVERED USB DEVICES |
hp-check[17073]: info: :--------------------------
hp-check[17073]: info: :
hp-check[17073]: info: :No devices found.
hp-check[17073]: info: :
hp-check[17073]: info: :---------------------------------
hp-check[17073]: info: :| INSTALLED CUPS PRINTER QUEUES |
hp-check[17073]: info: :---------------------------------
hp-check[17073]: info: :
hp-check[17073]: info: :
hp-check[17073]: info: :AdobePDF9
hp-check[17073]: info: :---------
hp-check[17073]: info: :Type: Unknown
hp-check[17073]: info: :Device URI: ipps://lisas-iMac.local:631/printers/AdobePDF9
hp-check[17073]: info: :
hp-check[17073]: info: :HP-Color-LaserJet-CP4020-CP4520
hp-check[17073]: info: :-------------------------------
hp-check[17073]: info: :Type: Unknown
hp-check[17073]: info: :Device URI: http://172.27.29.37
hp-check[17073]: info: :PPD: /etc/cups/ppd/HP-Color-LaserJet-CP4020-CP4520.ppd
warning: Failed to read /etc/cups/ppd/HP-Color-LaserJet-CP4020-CP4520.ppd ppd file
hp-check[17073]: info: :PPD Description: 
hp-check[17073]: info: :Printer status: printer HP-Color-LaserJet-CP4020-CP4520 is idle.  enabled since Wed 22 Mar 2017 01:49:33 PM EDT
warning: Printer is not HPLIP installed. Printers must use the hp: or hpfax: CUPS backend for HP-Devices.
hp-check[17073]: info: :
hp-check[17073]: info: :HP-LaserJet-P2055dnCMD:PS,PCL
hp-check[17073]: info: :-----------------------------
hp-check[17073]: info: :Type: Unknown
hp-check[17073]: info: :Device URI: dnssd://HP%20LaserJet%20P2055dn%20%5B8D9423%5D._pdl-datastream._tcp.local/
hp-check[17073]: info: :PPD: /etc/cups/ppd/HP-LaserJet-P2055dnCMD:PS,PCL.ppd
warning: Failed to read /etc/cups/ppd/HP-LaserJet-P2055dnCMD:PS,PCL.ppd ppd file
hp-check[17073]: info: :PPD Description: 
hp-check[17073]: info: :Printer status: /usr/bin/lpstat: Unknown destination "HP-LaserJet-P2055dnCMD:PS".
warning: Printer is not HPLIP installed. Printers must use the hp: or hpfax: CUPS backend for HP-Devices.
hp-check[17073]: info: :
hp-check[17073]: info: :HP-LaserJet-P3010
hp-check[17073]: info: :-----------------
hp-check[17073]: info: :Type: Unknown
hp-check[17073]: info: :Device URI: socket://152.2.227.124:9100
hp-check[17073]: info: :PPD: /etc/cups/ppd/HP-LaserJet-P3010.ppd
warning: Failed to read /etc/cups/ppd/HP-LaserJet-P3010.ppd ppd file
hp-check[17073]: info: :PPD Description: 
hp-check[17073]: info: :Printer status: printer HP-LaserJet-P3010 is idle.  enabled since Fri 29 May 2015 03:56:18 PM EDT
warning: Printer is not HPLIP installed. Printers must use the hp: or hpfax: CUPS backend for HP-Devices.
hp-check[17073]: info: :
hp-check[17073]: info: :HP_Color_LaserJet_CP2025dn
hp-check[17073]: info: :--------------------------
hp-check[17073]: info: :Type: Unknown
hp-check[17073]: info: :Device URI: ipps://lisas-iMac.local:631/printers/HP_Color_LaserJet_CP2025dn
hp-check[17073]: info: :
hp-check[17073]: info: :HP_Color_LaserJet_CP4020
hp-check[17073]: info: :------------------------
hp-check[17073]: info: :Type: Printer
hp-check[17073]: info: :Device URI: hp:/net/HP_Color_LaserJet_CP4020_Series?ip=172.27.29.37
hp-check[17073]: info: :PPD: /etc/cups/ppd/HP_Color_LaserJet_CP4020.ppd
warning: Failed to read /etc/cups/ppd/HP_Color_LaserJet_CP4020.ppd ppd file
hp-check[17073]: info: :PPD Description: 
hp-check[17073]: info: :Printer status: printer HP_Color_LaserJet_CP4020 is idle.  enabled since Wed 22 Mar 2017 02:01:28 PM EDT
hp-check[17073]: info: :Communication status: Good
hp-check[17073]: info: :
hp-check[17073]: info: :Lab_Color_Printer
hp-check[17073]: info: :-----------------
hp-check[17073]: info: :Type: Unknown
hp-check[17073]: info: :Device URI: ipps://Rogue.local:631/printers/Lab_Color_Printer
hp-check[17073]: info: :
hp-check[17073]: info: :Lexmark_2500_Series
hp-check[17073]: info: :-------------------
hp-check[17073]: info: :Type: Unknown
hp-check[17073]: info: :Device URI: ipps://Lisa-Holts-Great-Powerbook.local:631/printers/Lexmark_2500_Series
hp-check[17073]: info: :
hp-check[17073]: info: :vp2
hp-check[17073]: info: :---
hp-check[17073]: info: :Type: Unknown
hp-check[17073]: info: :Device URI: http://172.27.29.37
hp-check[17073]: info: :PPD: /etc/cups/ppd/vp2.ppd
warning: Failed to read /etc/cups/ppd/vp2.ppd ppd file
hp-check[17073]: info: :PPD Description: 
hp-check[17073]: info: :Printer status: printer vp2 is idle.  enabled since Wed 22 Mar 2017 01:49:39 PM EDT
warning: Printer is not HPLIP installed. Printers must use the hp: or hpfax: CUPS backend for HP-Devices.
hp-check[17073]: info: :
hp-check[17073]: info: :
hp-check[17073]: info: :--------------
hp-check[17073]: info: :| PERMISSION |
hp-check[17073]: info: :--------------
hp-check[17073]: info: :
hp-check[17073]: info: :
hp-check[17073]: info: :-----------
hp-check[17073]: info: :| SUMMARY |
hp-check[17073]: info: :-----------
hp-check[17073]: info: :
hp-check[17073]: info: :Missing Required Dependencies
hp-check[17073]: info: :-----------------------------
hp-check[17073]: info: :None
hp-check[17073]: info: :
hp-check[17073]: info: :Missing Optional Dependencies
hp-check[17073]: info: :-----------------------------
hp-check[17073]: info: :None

hp-check[17073]: info: :
hp-check[17073]: info: :Total Errors: 0
hp-check[17073]: info: :Total Warnings: 4
hp-check[17073]: info: :
hp-check[17073]: info: :
hp-check[17073]: info: :Done.
